#
# There is insufficient memory for the Java Runtime Environment to continue.
# Native memory allocation (malloc) failed to allocate 1048576 bytes. Error detail: AllocateHeap
# Possible reasons:
#   The system is out of physical RAM or swap space
#   This process is running with CompressedOops enabled, and the Java Heap may be blocking the growth of the native heap
# Possible solutions:
#   Reduce memory load on the system
#   Increase physical memory or swap space
#   Check if swap backing store is full
#   Decrease Java heap size (-Xmx/-Xms)
#   Decrease number of Java threads
#   Decrease Java thread stack sizes (-Xss)
#   Set larger code cache with -XX:ReservedCodeCacheSize=
#   JVM is running with Unscaled Compressed Oops mode in which the Java heap is
#     placed in the first 4GB address space. The Java Heap base address is the
#     maximum limit for the native heap growth. Please use -XX:HeapBaseMinAddress
#     to set the Java Heap base and to place the Java Heap above 4GB virtual address.
# This output file may be truncated or incomplete.
#
#  Out of Memory Error (allocation.cpp:44), pid=3496, tid=20540
#
# JRE version:  (21.0.10+7) (build )
# Java VM: OpenJDK 64-Bit Server VM (21.0.10+7-LTS, mixed mode, tiered, compressed oops, compressed class ptrs, parallel gc, windows-amd64)
# No core dump will be written. Minidumps are not enabled by default on client versions of Windows
#

---------------  S U M M A R Y ------------

Command Line: --add-modules=ALL-SYSTEM --add-opens=java.base/java.util=ALL-UNNAMED --add-opens=java.base/java.lang=ALL-UNNAMED --add-opens=java.base/sun.nio.fs=ALL-UNNAMED -Declipse.application=org.eclipse.jdt.ls.core.id1 -Dosgi.bundles.defaultStartLevel=4 -Declipse.product=org.eclipse.jdt.ls.core.product -Djava.import.generatesMetadataFilesAtProjectRoot=false -DDetectVMInstallationsJob.disabled=true -Dfile.encoding=utf8 -XX:+UseParallelGC -XX:GCTimeRatio=4 -XX:AdaptiveSizePolicyWeight=90 -Dsun.zip.disableMemoryMapping=true -Xmx2G -Xms100m -Xlog:disable -javaagent:c:\Users\ali213\.trae-cn\extensions\redhat.java-1.54.0-win32-x64\lombok\lombok-1.18.39-4050.jar c:\Users\ali213\.trae-cn\extensions\redhat.java-1.54.0-win32-x64\server\plugins\org.eclipse.equinox.launcher_1.7.100.v20251111-0406.jar -configuration c:\Users\ali213\AppData\Roaming\Trae CN\User\globalStorage\redhat.java\1.54.0\config_ss_win -data c:\Users\ali213\AppData\Roaming\Trae CN\User\workspaceStorage\dc33cb6514b02a902456b4d7a310c0b1\redhat.java\ss_ws --pipe=\\.\pipe\lsp-66ff8b13a83c08897f656246db37e359-sock

Host: Intel(R) Core(TM) i5-8400 CPU @ 2.80GHz, 6 cores, 15G,  Windows 10 , 64 bit Build 19041 (10.0.19041.5915)
Time: Fri Jun  5 13:32:05 2026 elapsed time: 0.133891 seconds (0d 0h 0m 0s)

---------------  T H R E A D  ---------------

Current thread (0x0000018fda644720):  JavaThread "Unknown thread" [_thread_in_vm, id=20540, stack(0x00000048a7500000,0x00000048a7600000) (1024K)]

Stack: [0x00000048a7500000,0x00000048a7600000]
Native frames: (J=compiled Java code, j=interpreted, Vv=VM code, C=native code)
V  [jvm.dll+0x6d7a39]
V  [jvm.dll+0x8b4b26]
V  [jvm.dll+0x8b70de]
V  [jvm.dll+0x8b77c3]
V  [jvm.dll+0x284346]
V  [jvm.dll+0xc1277]
V  [jvm.dll+0x70ba02]
V  [jvm.dll+0x70c73c]
V  [jvm.dll+0x6e65d3]
V  [jvm.dll+0x87f17c]
V  [jvm.dll+0x3c49fc]
V  [jvm.dll+0x867e6b]
V  [jvm.dll+0x457b31]
V  [jvm.dll+0x459721]
C  [jli.dll+0x52d0]
C  [ucrtbase.dll+0x21bb2]
C  [KERNEL32.DLL+0x17374]
C  [ntdll.dll+0x4cc91]


---------------  P R O C E S S  ---------------

Threads class SMR info:
_java_thread_list=0x0000018fda6ad0e0, length=1, elements={
0x0000018fda644720
}

Java Threads: ( => current thread )
=>0x0000018fda644720 JavaThread "Unknown thread"             [_thread_in_vm, id=20540, stack(0x00000048a7500000,0x00000048a7600000) (1024K)]
Total: 1

Other Threads:
  0x0000018fda6af300 WatcherThread "VM Periodic Task Thread"        [id=24004, stack(0x00000048a7700000,0x00000048a7800000) (1024K)]
  0x0000018fda6547c0 WorkerThread "GC Thread#0"                     [id=11668, stack(0x00000048a7600000,0x00000048a7700000) (1024K)]
Total: 2

Threads with active compile tasks:
Total: 0

VM state: not at safepoint (normal execution)

VM Mutex/Monitor currently owned by a thread: None

Heap address: 0x0000000080000000, size: 2048 MB, Compressed Oops mode: 32-bit

CDS archive(s) not mapped
Compressed class space mapped at: 0x0000000100000000-0x0000000140000000, reserved size: 1073741824
Narrow klass base: 0x0000000000000000, Narrow klass shift: 3, Narrow klass range: 0x140000000

GC Precious Log:
 CardTable entry size: 512
 CPUs: 6 total, 6 available
 Memory: 16229M
 Large Page Support: Disabled
 NUMA Support: Disabled
 Compressed Oops: Enabled (32-bit)
 Alignments: Space 512K, Generation 512K, Heap 2M
 Heap Min Capacity: 100M
 Heap Initial Capacity: 100M
 Heap Max Capacity: 2G
 Pre-touch: Disabled
 Parallel Workers: 6

Heap:
 PSYoungGen      total 29696K, used 512K [0x00000000d5580000, 0x00000000d7680000, 0x0000000100000000)
  eden space 25600K, 2% used [0x00000000d5580000,0x00000000d5600070,0x00000000d6e80000)
  from space 4096K, 0% used [0x00000000d7280000,0x00000000d7280000,0x00000000d7680000)
  to   space 4096K, 0% used [0x00000000d6e80000,0x00000000d6e80000,0x00000000d7280000)
 ParOldGen       total 68608K, used 0K [0x0000000080000000, 0x0000000084300000, 0x00000000d5580000)
  object space 68608K, 0% used [0x0000000080000000,0x0000000080000000,0x0000000084300000)
 Metaspace       used 1381K, committed 1408K, reserved 1114112K
  class space    used 111K, committed 128K, reserved 1048576K

Card table byte_map: [0x0000018fda020000,0x0000018fda430000] _byte_map_base: 0x0000018fd9c20000

Marking Bits: (ParMarkBitMap*) 0x00007ff8cf8a3450
 Begin Bits: [0x0000018fecb00000, 0x0000018feeb00000)
 End Bits:   [0x0000018feeb00000, 0x0000018ff0b00000)

Polling page: 0x0000018fd9e10000

Metaspace:

Usage:
  Non-class:      1.24 MB used.
      Class:    111.10 KB used.
       Both:      1.35 MB used.

Virtual space:
  Non-class space:       64.00 MB reserved,       1.25 MB (  2%) committed,  1 nodes.
      Class space:        1.00 GB reserved,     128.00 KB ( <1%) committed,  1 nodes.
             Both:        1.06 GB reserved,       1.38 MB ( <1%) committed. 

Chunk freelists:
   Non-Class:  12.00 MB
       Class:  15.75 MB
        Both:  27.75 MB

MaxMetaspaceSize: unlimited
CompressedClassSpaceSize: 1.00 GB
Initial GC threshold: 21.00 MB
Current GC threshold: 17179869184.00 GB
CDS: off
 - commit_granule_bytes: 65536.
 - commit_granule_words: 8192.
 - virtual_space_node_default_size: 8388608.
 - enlarge_chunks_in_place: 1.
 - use_allocation_guard: 0.


Internal statistics:

num_allocs_failed_limit: 0.
num_arena_births: 2.
num_arena_deaths: 0.
num_vsnodes_births: 2.
num_vsnodes_deaths: 0.
num_space_committed: 22.
num_space_uncommitted: 0.
num_chunks_returned_to_freelist: 0.
num_chunks_taken_from_freelist: 3.
num_chunk_merges: 0.
num_chunk_splits: 2.
num_chunks_enlarged: 0.
num_inconsistent_stats: 0.

CodeHeap 'non-profiled nmethods': size=120000Kb used=0Kb max_used=0Kb free=120000Kb
 bounds [0x0000018fe5320000, 0x0000018fe5590000, 0x0000018fec850000]
CodeHeap 'profiled nmethods': size=120000Kb used=0Kb max_used=0Kb free=120000Kb
 bounds [0x0000018fdd850000, 0x0000018fddac0000, 0x0000018fe4d80000]
CodeHeap 'non-nmethods': size=5760Kb used=194Kb max_used=342Kb free=5565Kb
 bounds [0x0000018fe4d80000, 0x0000018fe4ff0000, 0x0000018fe5320000]
CodeCache: size=245760Kb, used=194Kb, max_used=342Kb, free=245565Kb
 total_blobs=70, nmethods=0, adapters=48, full_count=0
Compilation: enabled, stopped_count=0, restarted_count=0

Compilation events (0 events):
No events

GC Heap History (0 events):
No events

Dll operation events (2 events):
Event: 0.025 Loaded shared library c:\Users\ali213\.trae-cn\extensions\redhat.java-1.54.0-win32-x64\jre\21.0.10-win32-x86_64\bin\java.dll
Event: 0.047 Loaded shared library c:\Users\ali213\.trae-cn\extensions\redhat.java-1.54.0-win32-x64\jre\21.0.10-win32-x86_64\bin\zip.dll

Deoptimization events (0 events):
No events

Classes loaded (20 events):
Event: 0.116 Loading class java/util/Iterator
Event: 0.117 Loading class java/util/Iterator done
Event: 0.117 Loading class java/lang/reflect/RecordComponent
Event: 0.117 Loading class java/lang/reflect/RecordComponent done
Event: 0.117 Loading class jdk/internal/vm/vector/VectorSupport
Event: 0.118 Loading class jdk/internal/vm/vector/VectorSupport done
Event: 0.118 Loading class jdk/internal/vm/vector/VectorSupport$VectorPayload
Event: 0.118 Loading class jdk/internal/vm/vector/VectorSupport$VectorPayload done
Event: 0.118 Loading class jdk/internal/vm/vector/VectorSupport$Vector
Event: 0.119 Loading class jdk/internal/vm/vector/VectorSupport$Vector done
Event: 0.119 Loading class jdk/internal/vm/vector/VectorSupport$VectorMask
Event: 0.119 Loading class jdk/internal/vm/vector/VectorSupport$VectorMask done
Event: 0.119 Loading class jdk/internal/vm/vector/VectorSupport$VectorShuffle
Event: 0.119 Loading class jdk/internal/vm/vector/VectorSupport$VectorShuffle done
Event: 0.119 Loading class jdk/internal/vm/FillerObject
Event: 0.119 Loading class jdk/internal/vm/FillerObject done
Event: 0.121 Loading class java/lang/NullPointerException
Event: 0.121 Loading class java/lang/NullPointerException done
Event: 0.121 Loading class java/lang/ArithmeticException
Event: 0.121 Loading class java/lang/ArithmeticException done

Classes unloaded (0 events):
No events

Classes redefined (0 events):
No events

Internal exceptions (0 events):
No events

ZGC Phase Switch (0 events):
No events

VM Operations (0 events):
No events

Memory protections (0 events):
No events

Nmethod flushes (0 events):
No events

Events (1 events):
Event: 0.043 Thread 0x0000018fda644720 Thread added: 0x0000018fda644720


Dynamic libraries:
0x00007ff7b9c70000 - 0x00007ff7b9c7e000 	c:\Users\ali213\.trae-cn\extensions\redhat.java-1.54.0-win32-x64\jre\21.0.10-win32-x86_64\bin\java.exe
0x00007ff925c70000 - 0x00007ff925e68000 	C:\WINDOWS\SYSTEM32\ntdll.dll
0x00007ff924d30000 - 0x00007ff924df2000 	C:\WINDOWS\System32\KERNEL32.DLL
0x00007ff923590000 - 0x00007ff923886000 	C:\WINDOWS\System32\KERNELBASE.dll
0x00007ff923300000 - 0x00007ff923400000 	C:\WINDOWS\System32\ucrtbase.dll
0x00007ff91d4e0000 - 0x00007ff91d4f8000 	c:\Users\ali213\.trae-cn\extensions\redhat.java-1.54.0-win32-x64\jre\21.0.10-win32-x86_64\bin\jli.dll
0x00007ff925310000 - 0x00007ff9254b1000 	C:\WINDOWS\System32\USER32.dll
0x00007ff923920000 - 0x00007ff923942000 	C:\WINDOWS\System32\win32u.dll
0x00007ff924240000 - 0x00007ff92426b000 	C:\WINDOWS\System32\GDI32.dll
0x00007ff923950000 - 0x00007ff923a69000 	C:\WINDOWS\System32\gdi32full.dll
0x00007ff911830000 - 0x00007ff91184e000 	c:\Users\ali213\.trae-cn\extensions\redhat.java-1.54.0-win32-x64\jre\21.0.10-win32-x86_64\bin\VCRUNTIME140.dll
0x00007ff923a70000 - 0x00007ff923b0d000 	C:\WINDOWS\System32\msvcp_win.dll
0x00007ff9119a0000 - 0x00007ff911c3b000 	C:\WINDOWS\WinSxS\amd64_microsoft.windows.common-controls_6595b64144ccf1df_6.0.19041.6456_none_60b8a6cb71f64256\COMCTL32.dll
0x00007ff924380000 - 0x00007ff92441e000 	C:\WINDOWS\System32\msvcrt.dll
0x00007ff9252e0000 - 0x00007ff92530f000 	C:\WINDOWS\System32\IMM32.DLL
0x00007ff91ec30000 - 0x00007ff91ec3c000 	c:\Users\ali213\.trae-cn\extensions\redhat.java-1.54.0-win32-x64\jre\21.0.10-win32-x86_64\bin\vcruntime140_1.dll
0x00007ff8f72b0000 - 0x00007ff8f733d000 	c:\Users\ali213\.trae-cn\extensions\redhat.java-1.54.0-win32-x64\jre\21.0.10-win32-x86_64\bin\msvcp140.dll
0x00007ff8cebe0000 - 0x00007ff8cf981000 	c:\Users\ali213\.trae-cn\extensions\redhat.java-1.54.0-win32-x64\jre\21.0.10-win32-x86_64\bin\server\jvm.dll
0x00007ff923ee0000 - 0x00007ff923f91000 	C:\WINDOWS\System32\ADVAPI32.dll
0x00007ff924420000 - 0x00007ff9244bf000 	C:\WINDOWS\System32\sechost.dll
0x00007ff924120000 - 0x00007ff924240000 	C:\WINDOWS\System32\RPCRT4.dll
0x00007ff923400000 - 0x00007ff923427000 	C:\WINDOWS\System32\bcrypt.dll
0x00007ff924520000 - 0x00007ff92458b000 	C:\WINDOWS\System32\WS2_32.dll
0x00007ff923160000 - 0x00007ff9231ab000 	C:\WINDOWS\SYSTEM32\POWRPROF.dll
0x00007ff911070000 - 0x00007ff911097000 	C:\WINDOWS\SYSTEM32\WINMM.dll
0x00007ff91daf0000 - 0x00007ff91dafa000 	C:\WINDOWS\SYSTEM32\VERSION.dll
0x00007ff923140000 - 0x00007ff923152000 	C:\WINDOWS\SYSTEM32\UMPDC.dll
0x00007ff921af0000 - 0x00007ff921b02000 	C:\WINDOWS\SYSTEM32\kernel.appcore.dll
0x00007ff91ad00000 - 0x00007ff91ad0a000 	c:\Users\ali213\.trae-cn\extensions\redhat.java-1.54.0-win32-x64\jre\21.0.10-win32-x86_64\bin\jimage.dll
0x00007ff920e70000 - 0x00007ff921071000 	C:\WINDOWS\SYSTEM32\DBGHELP.DLL
0x00007ff8fdb20000 - 0x00007ff8fdb54000 	C:\WINDOWS\SYSTEM32\dbgcore.DLL
0x00007ff923890000 - 0x00007ff923912000 	C:\WINDOWS\System32\bcryptPrimitives.dll
0x00007ff910fd0000 - 0x00007ff910fdf000 	c:\Users\ali213\.trae-cn\extensions\redhat.java-1.54.0-win32-x64\jre\21.0.10-win32-x86_64\bin\instrument.dll
0x00007ff90ed20000 - 0x00007ff90ed40000 	c:\Users\ali213\.trae-cn\extensions\redhat.java-1.54.0-win32-x64\jre\21.0.10-win32-x86_64\bin\java.dll
0x00007ff8feaf0000 - 0x00007ff8feb08000 	c:\Users\ali213\.trae-cn\extensions\redhat.java-1.54.0-win32-x64\jre\21.0.10-win32-x86_64\bin\zip.dll

JVMTI agents:
c:\Users\ali213\.trae-cn\extensions\redhat.java-1.54.0-win32-x64\lombok\lombok-1.18.39-4050.jar path:none, loaded, not initialized, instrumentlib options:none

dbghelp: loaded successfully - version: 4.0.5 - missing functions: none
symbol engine: initialized successfully - sym options: 0x614 - pdb path: .;c:\Users\ali213\.trae-cn\extensions\redhat.java-1.54.0-win32-x64\jre\21.0.10-win32-x86_64\bin;C:\WINDOWS\SYSTEM32;C:\WINDOWS\WinSxS\amd64_microsoft.windows.common-controls_6595b64144ccf1df_6.0.19041.6456_none_60b8a6cb71f64256;c:\Users\ali213\.trae-cn\extensions\redhat.java-1.54.0-win32-x64\jre\21.0.10-win32-x86_64\bin\server

VM Arguments:
jvm_args: --add-modules=ALL-SYSTEM --add-opens=java.base/java.util=ALL-UNNAMED --add-opens=java.base/java.lang=ALL-UNNAMED --add-opens=java.base/sun.nio.fs=ALL-UNNAMED -Declipse.application=org.eclipse.jdt.ls.core.id1 -Dosgi.bundles.defaultStartLevel=4 -Declipse.product=org.eclipse.jdt.ls.core.product -Djava.import.generatesMetadataFilesAtProjectRoot=false -DDetectVMInstallationsJob.disabled=true -Dfile.encoding=utf8 -XX:+UseParallelGC -XX:GCTimeRatio=4 -XX:AdaptiveSizePolicyWeight=90 -Dsun.zip.disableMemoryMapping=true -Xmx2G -Xms100m -Xlog:disable -javaagent:c:\Users\ali213\.trae-cn\extensions\redhat.java-1.54.0-win32-x64\lombok\lombok-1.18.39-4050.jar 
java_command: c:\Users\ali213\.trae-cn\extensions\redhat.java-1.54.0-win32-x64\server\plugins\org.eclipse.equinox.launcher_1.7.100.v20251111-0406.jar -configuration c:\Users\ali213\AppData\Roaming\Trae CN\User\globalStorage\redhat.java\1.54.0\config_ss_win -data c:\Users\ali213\AppData\Roaming\Trae CN\User\workspaceStorage\dc33cb6514b02a902456b4d7a310c0b1\redhat.java\ss_ws --pipe=\\.\pipe\lsp-66ff8b13a83c08897f656246db37e359-sock
java_class_path (initial): c:\Users\ali213\.trae-cn\extensions\redhat.java-1.54.0-win32-x64\server\plugins\org.eclipse.equinox.launcher_1.7.100.v20251111-0406.jar
Launcher Type: SUN_STANDARD

[Global flags]
    uintx AdaptiveSizePolicyWeight                 = 90                                        {product} {command line}
     intx CICompilerCount                          = 3                                         {product} {ergonomic}
    uintx GCTimeRatio                              = 4                                         {product} {command line}
   size_t InitialHeapSize                          = 104857600                                 {product} {command line}
   size_t MaxHeapSize                              = 2147483648                                {product} {command line}
   size_t MaxNewSize                               = 715653120                                 {product} {ergonomic}
   size_t MinHeapDeltaBytes                        = 524288                                    {product} {ergonomic}
   size_t MinHeapSize                              = 104857600                                 {product} {command line}
   size_t NewSize                                  = 34603008                                  {product} {ergonomic}
    uintx NonNMethodCodeHeapSize                   = 5832780                                {pd product} {ergonomic}
    uintx NonProfiledCodeHeapSize                  = 122912730                              {pd product} {ergonomic}
   size_t OldSize                                  = 70254592                                  {product} {ergonomic}
    uintx ProfiledCodeHeapSize                     = 122912730                              {pd product} {ergonomic}
    uintx ReservedCodeCacheSize                    = 251658240                              {pd product} {ergonomic}
     bool SegmentedCodeCache                       = true                                      {product} {ergonomic}
   size_t SoftMaxHeapSize                          = 2147483648                             {manageable} {ergonomic}
     bool UseCompressedOops                        = true                           {product lp64_product} {ergonomic}
     bool UseLargePagesIndividualAllocation        = false                                  {pd product} {ergonomic}
     bool UseParallelGC                            = true                                      {product} {command line}

Logging:
Log output configuration:
 #0: stdout all=off uptime,level,tags foldmultilines=false
 #1: stderr all=off uptime,level,tags foldmultilines=false

Release file:
<release file has not been read>
Environment Variables:
PATH=c:\Users\ali213\.trae-cn\tools\trae-gopls\current;c:\Users\ali213\.trae-cn\sdks\workspaces\dc33cb65\versions\node\current;c:\Users\ali213\.trae-cn\sdks\versions\node\current;D:\Users\ali213\.jdks\jdk-17.0.7\bin;C:\WINDOWS\system32;C:\WINDOWS;C:\WINDOWS\System32\Wbem;C:\WINDOWS\System32\WindowsPowerShell\v1.0\;C:\WINDOWS\System32\OpenSSH\;C:\Program Files\Git\cmd;D:\Users\ali213\AppData\Local\Android\Sdk\platform-tools;D:\Program Files\make;C:\Program Files\TortoiseSVN\bin;C:\Users\ali213\AppData\Local\Android\Sdk\cmake\3.18.1\bin;D:\Program Files\Microsoft Visual Studio\2022\Community\VC\Tools\MSVC\14.35.32215\bin\Hostx86\x86;D:\Program Files\Microsoft Visual Studio\2022\Community\Common7\IDE;D:\Windows Kits\10\bin\10.0.22621.0\x86;D:\Windows Kits\10\Lib\10.0.22621.0\um\x86;D:\Program Files (x86)\IncrediBuild;D:\Program Files\apache-maven-3.9.5\bin;C:\Users\ali213\.cargo\bin;C:\Users\ali213\AppData\Local\Programs\Python\Python310\Scripts\;C:\Users\ali213\AppData\Local\Programs\Python\Python310\;C:\Users\ali213\AppData\Local\Microsoft\WindowsApps;D:\Program Files\Huawei\DevEco Studio\bin;D:\Program Files\Huawei\DevEco Studio\sdk\default\openharmony\toolchains;D:\Program Files\nodejs\;D:\Rust\.cargo\bin;d:\Users\ali213\AppData\Local\Programs\Trae\bin;C:\Users\ali213\.cargo\bin;C:\Users\ali213\AppData\Local\Programs\Python\Python310\Scripts\;C:\Users\ali213\AppData\Local\Programs\Python\Python310\;C:\Users\ali213\AppData\Local\Microsoft\WindowsApps;D:\Microsoft VS Code\bin;D:\Program Files\Huawei\DevEco Studio\bin;;C:\Users\ali213\AppData\Local\JetBrains\Toolbox\scripts;;D:\Program Files\Huawei\DevEco Studio 5.0.5\bin;C:\Users\ali213\AppData\Roaming\npm;D:\Users\ali213\AppData\Local\Programs\Antigravity\bin;D:\Users\ali213\AppData\Local\Programs\CodeBuddy CN\bin;D:\Users\ali213\AppData\Local\Programs\cursor\resources\app\bin;D:\Users\ali213\AppData\Local\Programs\Lingma\bin;D:\Users\ali213\AppData\Local\Programs\Qoder\bin;d:\Users\ali213\AppData\Local\Programs\Trae CN\resources\app\bin\lib
USERNAME=ali213
OS=Windows_NT
PROCESSOR_IDENTIFIER=Intel64 Family 6 Model 158 Stepping 10, GenuineIntel
TMP=C:\Users\ali213\AppData\Local\Temp
TEMP=C:\Users\ali213\AppData\Local\Temp




Periodic native trim disabled

---------------  S Y S T E M  ---------------

OS:
 Windows 10 , 64 bit Build 19041 (10.0.19041.5915)
OS uptime: 4 days 4:41 hours
Hyper-V role detected

CPU: total 6 (initial active 6) (6 cores per cpu, 1 threads per core) family 6 model 158 stepping 10 microcode 0xb4, cx8, cmov, fxsr, mmx, 3dnowpref, sse, sse2, sse3, ssse3, sse4.1, sse4.2, popcnt, lzcnt, tsc, tscinvbit, avx, avx2, aes, erms, clmul, bmi1, bmi2, adx, fma, vzeroupper, clflush, clflushopt, hv, rdtscp, f16c
Processor Information for the first 6 processors :
  Max Mhz: 2808, Current Mhz: 2808, Mhz Limit: 2808

Memory: 4k page, system-wide physical 16229M (589M free)
TotalPageFile size 21425M (AvailPageFile size 1M)
current process WorkingSet (physical memory assigned to process): 16M, peak: 16M
current process commit charge ("private bytes"): 183M, peak: 191M

vm_info: OpenJDK 64-Bit Server VM (21.0.10+7-LTS) for windows-amd64 JRE (21.0.10+7-LTS), built on 2026-01-20T00:00:00Z by "admin" with MS VC++ 17.12 (VS2022)

END.
